TN:
SF:src/pe/card.ts
FN:58,<instance_members_initializer>
FN:72,Card
FN:112,attributes
FNF:3
FNH:3
FNDA:9,<instance_members_initializer>
FNDA:9,Card
FNDA:6,attributes
DA:1,1
DA:2,1
DA:3,1
DA:4,1
DA:5,1
DA:6,1
DA:7,1
DA:8,1
DA:9,1
DA:10,1
DA:11,1
DA:12,1
DA:13,1
DA:14,1
DA:15,1
DA:16,1
DA:17,1
DA:18,1
DA:19,1
DA:20,1
DA:21,1
DA:22,1
DA:23,1
DA:24,1
DA:25,1
DA:26,1
DA:27,1
DA:28,1
DA:29,1
DA:30,1
DA:31,1
DA:32,1
DA:33,1
DA:34,1
DA:35,1
DA:36,1
DA:37,1
DA:38,1
DA:39,1
DA:40,1
DA:41,1
DA:42,1
DA:43,1
DA:44,1
DA:45,1
DA:46,1
DA:47,1
DA:48,1
DA:49,1
DA:50,1
DA:51,1
DA:52,1
DA:53,1
DA:54,1
DA:55,1
DA:56,1
DA:57,1
DA:58,1
DA:59,9
DA:60,9
DA:61,9
DA:62,9
DA:63,9
DA:64,9
DA:65,9
DA:66,9
DA:67,9
DA:68,9
DA:69,9
DA:70,9
DA:71,9
DA:72,9
DA:73,9
DA:74,9
DA:75,9
DA:76,9
DA:77,9
DA:78,9
DA:79,9
DA:80,9
DA:81,9
DA:82,9
DA:83,9
DA:84,9
DA:85,9
DA:86,9
DA:87,9
DA:88,9
DA:89,9
DA:90,9
DA:91,4
DA:92,1
DA:93,1
DA:94,1
DA:95,1
DA:96,3
DA:97,9
DA:98,3
DA:99,1
DA:100,1
DA:101,1
DA:102,1
DA:103,2
DA:104,2
DA:105,7
DA:106,7
DA:107,9
DA:108,9
DA:109,9
DA:110,9
DA:111,9
DA:112,9
DA:113,6
DA:114,6
DA:115,6
DA:116,6
DA:117,6
DA:118,6
DA:119,6
DA:120,2
DA:121,2
DA:122,6
DA:123,2
DA:124,2
DA:125,6
DA:126,1
DA:127,1
DA:128,6
DA:129,0
DA:130,0
DA:131,6
DA:132,0
DA:133,0
DA:134,6
DA:135,1
DA:136,1
DA:137,6
DA:138,0
DA:139,0
DA:140,6
DA:141,0
DA:142,6
DA:143,6
DA:144,6
DA:145,6
DA:146,6
DA:147,6
DA:148,6
DA:149,6
DA:150,6
DA:151,6
DA:152,9
LF:152
LH:145
BRDA:6,0,0,1
BRDA:19,1,0,1
BRDA:32,2,0,1
BRDA:58,3,0,9
BRDA:72,4,0,9
BRDA:90,5,0,4
BRDA:91,6,0,1
BRDA:96,7,0,3
BRDA:97,8,0,5
BRDA:97,9,0,3
BRDA:98,10,0,1
BRDA:103,11,0,2
BRDA:105,12,0,7
BRDA:112,13,0,6
BRDA:119,14,0,2
BRDA:122,15,0,2
BRDA:125,16,0,1
BRDA:128,17,0,0
BRDA:131,18,0,0
BRDA:134,19,0,1
BRDA:137,20,0,0
BRDA:140,21,0,0
BRDA:147,22,0,2
BRDA:148,23,0,2
BRF:24
BRH:20
end_of_record
TN:
SF:src/pe/cardCollection.ts
FN:53,<instance_members_initializer>
FN:71,CardCollection
FN:96,loadCards
FN:151,writeCards
FN:187,addCard
FN:218,updateCard
FN:249,removeCard
FN:280,listCards
FN:293,showCardInfo
FNF:9
FNH:9
FNDA:1,<instance_members_initializer>
FNDA:1,CardCollection
FNDA:1,loadCards
FNDA:7,writeCards
FNDA:3,addCard
FNDA:1,updateCard
FNDA:3,removeCard
FNDA:3,listCards
FNDA:3,showCardInfo
DA:1,1
DA:2,1
DA:3,1
DA:4,1
DA:5,1
DA:6,1
DA:7,1
DA:8,1
DA:9,1
DA:10,1
DA:11,1
DA:12,1
DA:13,1
DA:14,1
DA:15,1
DA:16,1
DA:17,1
DA:18,1
DA:19,1
DA:20,1
DA:21,1
DA:22,1
DA:23,1
DA:24,1
DA:25,1
DA:26,1
DA:27,1
DA:28,1
DA:29,1
DA:30,1
DA:31,1
DA:32,1
DA:33,1
DA:34,1
DA:35,1
DA:36,1
DA:37,1
DA:38,1
DA:39,1
DA:40,1
DA:41,1
DA:42,1
DA:43,1
DA:44,1
DA:45,1
DA:46,1
DA:47,1
DA:48,1
DA:49,1
DA:50,1
DA:51,1
DA:52,1
DA:53,1
DA:54,1
DA:55,1
DA:56,1
DA:57,1
DA:58,1
DA:59,1
DA:60,1
DA:61,1
DA:62,1
DA:63,1
DA:64,1
DA:65,1
DA:66,1
DA:67,1
DA:68,1
DA:69,1
DA:70,1
DA:71,1
DA:72,1
DA:73,1
DA:74,1
DA:75,1
DA:76,1
DA:77,1
DA:78,0
DA:79,0
DA:80,0
DA:81,0
DA:82,0
DA:83,0
DA:84,0
DA:85,0
DA:86,0
DA:87,0
DA:88,0
DA:89,0
DA:90,1
DA:91,1
DA:92,1
DA:93,1
DA:94,1
DA:95,1
DA:96,1
DA:97,1
DA:98,1
DA:99,1
DA:100,1
DA:101,0
DA:102,0
DA:103,0
DA:104,0
DA:105,0
DA:106,0
DA:107,0
DA:108,0
DA:109,0
DA:110,0
DA:111,0
DA:112,0
DA:113,0
DA:114,0
DA:115,1
DA:116,1
DA:117,1
DA:118,1
DA:119,1
DA:120,1
DA:121,1
DA:122,1
DA:123,1
DA:124,1
DA:125,1
DA:126,1
DA:127,1
DA:128,1
DA:129,1
DA:130,1
DA:131,1
DA:132,1
DA:133,1
DA:134,1
DA:135,1
DA:136,1
DA:137,1
DA:138,1
DA:139,1
DA:140,1
DA:141,1
DA:142,1
DA:143,1
DA:144,1
DA:145,1
DA:146,1
DA:147,1
DA:148,1
DA:149,1
DA:150,1
DA:151,1
DA:152,7
DA:153,7
DA:154,7
DA:155,0
DA:156,7
DA:157,7
DA:158,7
DA:159,7
DA:160,7
DA:161,1
DA:162,1
DA:163,1
DA:164,1
DA:165,1
DA:166,1
DA:167,1
DA:168,1
DA:169,1
DA:170,1
DA:171,1
DA:172,1
DA:173,1
DA:174,1
DA:175,1
DA:176,1
DA:177,1
DA:178,1
DA:179,1
DA:180,1
DA:181,1
DA:182,1
DA:183,1
DA:184,1
DA:185,1
DA:186,1
DA:187,1
DA:188,3
DA:189,0
DA:190,0
DA:191,0
DA:192,0
DA:193,3
DA:194,3
DA:195,3
DA:196,3
DA:197,3
DA:198,3
DA:199,3
DA:200,3
DA:201,3
DA:202,3
DA:203,0
DA:204,3
DA:205,3
DA:206,3
DA:207,3
DA:208,3
DA:209,3
DA:210,3
DA:211,3
DA:212,3
DA:213,1
DA:214,1
DA:215,1
DA:216,1
DA:217,1
DA:218,1
DA:219,1
DA:220,1
DA:221,1
DA:222,1
DA:223,1
DA:224,1
DA:225,1
DA:226,1
DA:227,0
DA:228,0
DA:229,0
DA:230,0
DA:231,0
DA:232,1
DA:233,1
DA:234,0
DA:235,1
DA:236,1
DA:237,1
DA:238,1
DA:239,1
DA:240,1
DA:241,1
DA:242,1
DA:243,1
DA:244,1
DA:245,1
DA:246,1
DA:247,1
DA:248,1
DA:249,1
DA:250,3
DA:251,3
DA:252,3
DA:253,3
DA:254,3
DA:255,3
DA:256,3
DA:257,3
DA:258,3
DA:259,0
DA:260,3
DA:261,3
DA:262,3
DA:263,3
DA:264,3
DA:265,3
DA:266,3
DA:267,3
DA:268,3
DA:269,0
DA:270,0
DA:271,0
DA:272,0
DA:273,0
DA:274,3
DA:275,1
DA:276,1
DA:277,1
DA:278,1
DA:279,1
DA:280,1
DA:281,3
DA:282,3
DA:283,3
DA:284,3
DA:285,3
DA:286,3
DA:287,1
DA:288,1
DA:289,1
DA:290,1
DA:291,1
DA:292,1
DA:293,1
DA:294,3
DA:295,3
DA:296,2
DA:297,3
DA:298,1
DA:299,1
DA:300,1
DA:301,1
DA:302,1
DA:303,3
DA:304,1
LF:304
LH:260
BRDA:53,0,0,1
BRDA:71,1,0,1
BRDA:77,2,0,0
BRDA:96,3,0,1
BRDA:100,4,0,0
BRDA:151,5,0,7
BRDA:153,6,0,7
BRDA:154,7,0,0
BRDA:187,8,0,3
BRDA:188,9,0,0
BRDA:201,10,0,3
BRDA:202,11,0,0
BRDA:218,12,0,1
BRDA:226,13,0,0
BRDA:232,14,0,1
BRDA:233,15,0,0
BRDA:249,16,0,3
BRDA:268,17,0,0
BRDA:257,18,0,3
BRDA:258,19,0,0
BRDA:280,20,0,3
BRDA:282,21,0,3
BRDA:293,22,0,3
BRDA:295,23,0,2
BRDA:297,24,0,1
BRF:25
BRH:16
end_of_record
